Internal Server Error: /profiles_api/v1/token/refresh
"POST /profiles_api/v1/token/refresh HTTP/1.1" 500 43
Internal Server Error: /profiles_api/v1/token/refresh
"POST /profiles_api/v1/token/refresh HTTP/1.1" 500 43
Internal Server Error: /profiles_api/v1/token/refresh
"POST /profiles_api/v1/token/refresh HTTP/1.1" 500 43
Internal Server Error: /profiles_api/v1/token/refresh
"POST /profiles_api/v1/token/refresh HTTP/1.1" 500 43
Internal Server Error: /profiles_api/v1/token/refresh
"POST /profiles_api/v1/token/refresh HTTP/1.1" 500 43
Internal Server Error: /profiles_api/v1/signup
Traceback (most recent call last):
  File "D:\Отчеты, презентации, работы\Курсовая работа РИП\Files_Versioning-Backend\venv\Lib\site-packages\django\core\handlers\exception.py", line 56, in inner
    response = get_response(request)
               ^^^^^^^^^^^^^^^^^^^^^
  File "D:\Отчеты, презентации, работы\Курсовая работа РИП\Files_Versioning-Backend\venv\Lib\site-packages\django\core\handlers\base.py", line 197, in _get_response
    response = wrapped_callback(request, *callback_args, **callback_kwargs)
               ^^^^^^^^^^^^^^^^^^^^^^^^^^^^^^^^^^^^^^^^^^^^^^^^^^^^^^^^^^^^
  File "D:\Отчеты, презентации, работы\Курсовая работа РИП\Files_Versioning-Backend\venv\Lib\site-packages\django\views\decorators\csrf.py", line 55, in wrapped_view
    return view_func(*args, **kwargs)
           ^^^^^^^^^^^^^^^^^^^^^^^^^^
  File "D:\Отчеты, презентации, работы\Курсовая работа РИП\Files_Versioning-Backend\venv\Lib\site-packages\django\views\generic\base.py", line 103, in view
    return self.dispatch(request, *args, **kwargs)
           ^^^^^^^^^^^^^^^^^^^^^^^^^^^^^^^^^^^^^^^
  File "D:\Отчеты, презентации, работы\Курсовая работа РИП\Files_Versioning-Backend\venv\Lib\site-packages\rest_framework\views.py", line 509, in dispatch
    response = self.handle_exception(exc)
               ^^^^^^^^^^^^^^^^^^^^^^^^^^
  File "D:\Отчеты, презентации, работы\Курсовая работа РИП\Files_Versioning-Backend\venv\Lib\site-packages\rest_framework\views.py", line 469, in handle_exception
    self.raise_uncaught_exception(exc)
  File "D:\Отчеты, презентации, работы\Курсовая работа РИП\Files_Versioning-Backend\venv\Lib\site-packages\rest_framework\views.py", line 480, in raise_uncaught_exception
    raise exc
  File "D:\Отчеты, презентации, работы\Курсовая работа РИП\Files_Versioning-Backend\venv\Lib\site-packages\rest_framework\views.py", line 506, in dispatch
    response = handler(request, *args, **kwargs)
               ^^^^^^^^^^^^^^^^^^^^^^^^^^^^^^^^^
  File "D:\Отчеты, презентации, работы\Курсовая работа РИП\Files_Versioning-Backend\venv\Lib\site-packages\rest_framework\views.py", line 167, in http_method_not_allowed
    raise exceptions.MethodNotAllowed(request.method)
rest_framework.exceptions.MethodNotAllowed: Method "GET" not allowed.
"GET /profiles_api/v1/signup HTTP/1.1" 500 96436
Internal Server Error: /files_versioning_api/v1/files/add
"POST /files_versioning_api/v1/files/add HTTP/1.1" 500 43
Internal Server Error: /files_versioning_api/v1/files/add
"POST /files_versioning_api/v1/files/add HTTP/1.1" 500 43
Internal Server Error: /files_versioning_api/v1/files/add
"POST /files_versioning_api/v1/files/add HTTP/1.1" 500 43
Internal Server Error: /profiles_api/v1/logout
"POST /profiles_api/v1/logout HTTP/1.1" 500 43
Internal Server Error: /profiles_api/v1/token/get
"POST /profiles_api/v1/token/get HTTP/1.1" 500 43
Internal Server Error: /files_versioning_api/v1/files/delete/file
"POST /files_versioning_api/v1/files/delete/file HTTP/1.1" 500 43
Internal Server Error: /files_versioning_api/v1/files/delete/file
Traceback (most recent call last):
  File "D:\Отчеты, презентации, работы\Курсовая работа РИП\Files_Versioning-Backend\venv\Lib\site-packages\django\core\handlers\exception.py", line 56, in inner
    response = get_response(request)
               ^^^^^^^^^^^^^^^^^^^^^
  File "D:\Отчеты, презентации, работы\Курсовая работа РИП\Files_Versioning-Backend\venv\Lib\site-packages\django\core\handlers\base.py", line 197, in _get_response
    response = wrapped_callback(request, *callback_args, **callback_kwargs)
               ^^^^^^^^^^^^^^^^^^^^^^^^^^^^^^^^^^^^^^^^^^^^^^^^^^^^^^^^^^^^
  File "D:\Отчеты, презентации, работы\Курсовая работа РИП\Files_Versioning-Backend\venv\Lib\site-packages\django\views\decorators\csrf.py", line 55, in wrapped_view
    return view_func(*args, **kwargs)
           ^^^^^^^^^^^^^^^^^^^^^^^^^^
  File "D:\Отчеты, презентации, работы\Курсовая работа РИП\Files_Versioning-Backend\venv\Lib\site-packages\django\views\generic\base.py", line 103, in view
    return self.dispatch(request, *args, **kwargs)
           ^^^^^^^^^^^^^^^^^^^^^^^^^^^^^^^^^^^^^^^
  File "D:\Отчеты, презентации, работы\Курсовая работа РИП\Files_Versioning-Backend\venv\Lib\site-packages\rest_framework\views.py", line 509, in dispatch
    response = self.handle_exception(exc)
               ^^^^^^^^^^^^^^^^^^^^^^^^^^
  File "D:\Отчеты, презентации, работы\Курсовая работа РИП\Files_Versioning-Backend\venv\Lib\site-packages\rest_framework\views.py", line 469, in handle_exception
    self.raise_uncaught_exception(exc)
  File "D:\Отчеты, презентации, работы\Курсовая работа РИП\Files_Versioning-Backend\venv\Lib\site-packages\rest_framework\views.py", line 480, in raise_uncaught_exception
    raise exc
  File "D:\Отчеты, презентации, работы\Курсовая работа РИП\Files_Versioning-Backend\venv\Lib\site-packages\rest_framework\views.py", line 506, in dispatch
    response = handler(request, *args, **kwargs)
               ^^^^^^^^^^^^^^^^^^^^^^^^^^^^^^^^^
  File "D:\Отчеты, презентации, работы\Курсовая работа РИП\Files_Versioning-Backend\venv\Lib\site-packages\rest_framework\views.py", line 167, in http_method_not_allowed
    raise exceptions.MethodNotAllowed(request.method)
rest_framework.exceptions.MethodNotAllowed: Method "GET" not allowed.
"GET /files_versioning_api/v1/files/delete/file HTTP/1.1" 500 96633
Internal Server Error: /profiles_api/v1/token/verify
Traceback (most recent call last):
  File "D:\Отчеты, презентации, работы\Курсовая работа РИП\Files_Versioning-Backend\venv\Lib\site-packages\django\core\handlers\exception.py", line 56, in inner
    response = get_response(request)
               ^^^^^^^^^^^^^^^^^^^^^
  File "D:\Отчеты, презентации, работы\Курсовая работа РИП\Files_Versioning-Backend\venv\Lib\site-packages\django\core\handlers\base.py", line 197, in _get_response
    response = wrapped_callback(request, *callback_args, **callback_kwargs)
               ^^^^^^^^^^^^^^^^^^^^^^^^^^^^^^^^^^^^^^^^^^^^^^^^^^^^^^^^^^^^
  File "D:\Отчеты, презентации, работы\Курсовая работа РИП\Files_Versioning-Backend\venv\Lib\site-packages\django\views\decorators\csrf.py", line 55, in wrapped_view
    return view_func(*args, **kwargs)
           ^^^^^^^^^^^^^^^^^^^^^^^^^^
  File "D:\Отчеты, презентации, работы\Курсовая работа РИП\Files_Versioning-Backend\venv\Lib\site-packages\django\views\generic\base.py", line 103, in view
    return self.dispatch(request, *args, **kwargs)
           ^^^^^^^^^^^^^^^^^^^^^^^^^^^^^^^^^^^^^^^
  File "D:\Отчеты, презентации, работы\Курсовая работа РИП\Files_Versioning-Backend\venv\Lib\site-packages\rest_framework\views.py", line 509, in dispatch
    response = self.handle_exception(exc)
               ^^^^^^^^^^^^^^^^^^^^^^^^^^
  File "D:\Отчеты, презентации, работы\Курсовая работа РИП\Files_Versioning-Backend\venv\Lib\site-packages\rest_framework\views.py", line 469, in handle_exception
    self.raise_uncaught_exception(exc)
  File "D:\Отчеты, презентации, работы\Курсовая работа РИП\Files_Versioning-Backend\venv\Lib\site-packages\rest_framework\views.py", line 480, in raise_uncaught_exception
    raise exc
  File "D:\Отчеты, презентации, работы\Курсовая работа РИП\Files_Versioning-Backend\venv\Lib\site-packages\rest_framework\views.py", line 506, in dispatch
    response = handler(request, *args, **kwargs)
               ^^^^^^^^^^^^^^^^^^^^^^^^^^^^^^^^^
  File "D:\Отчеты, презентации, работы\Курсовая работа РИП\Files_Versioning-Backend\venv\Lib\site-packages\rest_framework\views.py", line 167, in http_method_not_allowed
    raise exceptions.MethodNotAllowed(request.method)
rest_framework.exceptions.MethodNotAllowed: Method "GET" not allowed.
"GET /profiles_api/v1/token/verify HTTP/1.1" 500 96205
Internal Server Error: /profiles_api/v1/token/verify
"POST /profiles_api/v1/token/verify HTTP/1.1" 500 43
Internal Server Error: /profiles_api/v1/token/verify
"POST /profiles_api/v1/token/verify HTTP/1.1" 500 43
Internal Server Error: /profiles_api/v1/token/verify
"POST /profiles_api/v1/token/verify HTTP/1.1" 500 43
Internal Server Error: /profiles_api/v1/token/verify
"POST /profiles_api/v1/token/verify HTTP/1.1" 500 43
Internal Server Error: /profiles_api/v1/token/verify
"POST /profiles_api/v1/token/verify HTTP/1.1" 500 43
Internal Server Error: /files_versioning_api/v1/files
"GET /files_versioning_api/v1/files HTTP/1.1" 500 43
Internal Server Error: /files_versioning_api/v1/files
"GET /files_versioning_api/v1/files HTTP/1.1" 500 43
Internal Server Error: /files_versioning_api/v1/files
"GET /files_versioning_api/v1/files HTTP/1.1" 500 43
Internal Server Error: /files_versioning_api/v1/files
"GET /files_versioning_api/v1/files HTTP/1.1" 500 43
Internal Server Error: /files_versioning_api/v1/files
"GET /files_versioning_api/v1/files HTTP/1.1" 500 43
Internal Server Error: /files_versioning_api/v1/files
"GET /files_versioning_api/v1/files HTTP/1.1" 500 43
