Watching for file changes with StatReloader
Unauthorized: /files_versioning_api/v1/files/download
"GET /files_versioning_api/v1/files/download HTTP/1.1" 401 47
D:\Отчеты, презентации, работы\Курсовая работа РИП\Files_Versioning-Backend\Site\settings.py changed, reloading.
Watching for file changes with StatReloader
Unauthorized: /files_versioning_api/v1/files/download
"GET /files_versioning_api/v1/files/download HTTP/1.1" 401 47
Unauthorized: /files_versioning_api/v1/files/download
"GET /files_versioning_api/v1/files/download HTTP/1.1" 401 30
"POST /profiles_api/v1/token/refresh HTTP/1.1" 200 241
"GET /files_versioning_api/v1/files/download HTTP/1.1" 200 4287
D:\Отчеты, презентации, работы\Курсовая работа РИП\Files_Versioning-Backend\Site\settings.py changed, reloading.
Watching for file changes with StatReloader
"GET /files_versioning_api/v1/files/download HTTP/1.1" 200 4287
"GET /files_versioning_api/v1/files/download HTTP/1.1" 200 4287
D:\Отчеты, презентации, работы\Курсовая работа РИП\Files_Versioning-Backend\Site\settings.py changed, reloading.
Watching for file changes with StatReloader
D:\Отчеты, презентации, работы\Курсовая работа РИП\Files_Versioning-Backend\Site\settings.py changed, reloading.
Watching for file changes with StatReloader
D:\Отчеты, презентации, работы\Курсовая работа РИП\Files_Versioning-Backend\Site\settings.py changed, reloading.
Watching for file changes with StatReloader
D:\Отчеты, презентации, работы\Курсовая работа РИП\Files_Versioning-Backend\Site\settings.py changed, reloading.
Watching for file changes with StatReloader
D:\Отчеты, презентации, работы\Курсовая работа РИП\Files_Versioning-Backend\Site\settings.py changed, reloading.
Watching for file changes with StatReloader
D:\Отчеты, презентации, работы\Курсовая работа РИП\Files_Versioning-Backend\Site\settings.py changed, reloading.
Watching for file changes with StatReloader
D:\Отчеты, презентации, работы\Курсовая работа РИП\Files_Versioning-Backend\Site\settings.py changed, reloading.
Watching for file changes with StatReloader
D:\Отчеты, презентации, работы\Курсовая работа РИП\Files_Versioning-Backend\Site\settings.py changed, reloading.
Watching for file changes with StatReloader
D:\Отчеты, презентации, работы\Курсовая работа РИП\Files_Versioning-Backend\Site\settings.py changed, reloading.
Watching for file changes with StatReloader
D:\Отчеты, презентации, работы\Курсовая работа РИП\Files_Versioning-Backend\Site\settings.py changed, reloading.
Watching for file changes with StatReloader
D:\Отчеты, презентации, работы\Курсовая работа РИП\Files_Versioning-Backend\Site\settings.py changed, reloading.
Watching for file changes with StatReloader
D:\Отчеты, презентации, работы\Курсовая работа РИП\Files_Versioning-Backend\Site\settings.py changed, reloading.
Watching for file changes with StatReloader
D:\Отчеты, презентации, работы\Курсовая работа РИП\Files_Versioning-Backend\Site\settings.py changed, reloading.
Watching for file changes with StatReloader
D:\Отчеты, презентации, работы\Курсовая работа РИП\Files_Versioning-Backend\Site\settings.py changed, reloading.
Watching for file changes with StatReloader
D:\Отчеты, презентации, работы\Курсовая работа РИП\Files_Versioning-Backend\Site\settings.py changed, reloading.
Watching for file changes with StatReloader
"POST /profiles_api/v1/token/get HTTP/1.1" 200 483
"GET /files_versioning_api/v1/files/download HTTP/1.1" 200 4287
"POST /profiles_api/v1/token/refresh HTTP/1.1" 200 483
"POST /profiles_api/v1/token/refresh HTTP/1.1" 200 483
"POST /profiles_api/v1/token/refresh HTTP/1.1" 200 483
"POST /profiles_api/v1/token/refresh HTTP/1.1" 200 483
"POST /profiles_api/v1/token/refresh HTTP/1.1" 200 483
"POST /profiles_api/v1/token/refresh HTTP/1.1" 200 483
"POST /profiles_api/v1/token/refresh HTTP/1.1" 200 483
D:\Отчеты, презентации, работы\Курсовая работа РИП\Files_Versioning-Backend\Site\settings.py changed, reloading.
Watching for file changes with StatReloader
"POST /profiles_api/v1/token/refresh HTTP/1.1" 200 483
"POST /profiles_api/v1/token/refresh HTTP/1.1" 200 483
"POST /profiles_api/v1/token/refresh HTTP/1.1" 200 483
"POST /profiles_api/v1/token/refresh HTTP/1.1" 200 483
"POST /profiles_api/v1/token/refresh HTTP/1.1" 200 483
"POST /files_versioning_api/v1/files/add HTTP/1.1" 200 46
"POST /profiles_api/v1/token/refresh HTTP/1.1" 200 483
D:\Отчеты, презентации, работы\Курсовая работа РИП\Files_Versioning-Backend\Site\settings.py changed, reloading.
Watching for file changes with StatReloader
"POST /profiles_api/v1/token/refresh HTTP/1.1" 200 483
"POST /profiles_api/v1/token/refresh HTTP/1.1" 200 483
"POST /profiles_api/v1/token/refresh HTTP/1.1" 200 483
"POST /profiles_api/v1/token/refresh HTTP/1.1" 200 483
"POST /profiles_api/v1/token/refresh HTTP/1.1" 200 483
"POST /profiles_api/v1/token/refresh HTTP/1.1" 200 483
"POST /profiles_api/v1/token/refresh HTTP/1.1" 200 483
"POST /profiles_api/v1/token/refresh HTTP/1.1" 200 483
"POST /profiles_api/v1/token/refresh HTTP/1.1" 200 483
"POST /profiles_api/v1/token/refresh HTTP/1.1" 200 483
"POST /profiles_api/v1/token/refresh HTTP/1.1" 200 483
D:\Отчеты, презентации, работы\Курсовая работа РИП\Files_Versioning-Backend\Site\settings.py changed, reloading.
Watching for file changes with StatReloader
"POST /profiles_api/v1/token/refresh HTTP/1.1" 200 241
"POST /profiles_api/v1/token/refresh HTTP/1.1" 200 241
"POST /profiles_api/v1/token/refresh HTTP/1.1" 200 241
"POST /profiles_api/v1/token/refresh HTTP/1.1" 200 241
"POST /profiles_api/v1/token/refresh HTTP/1.1" 200 241
"POST /profiles_api/v1/token/refresh HTTP/1.1" 200 241
"POST /profiles_api/v1/token/refresh HTTP/1.1" 200 241
"POST /profiles_api/v1/token/refresh HTTP/1.1" 200 241
D:\Отчеты, презентации, работы\Курсовая работа РИП\Files_Versioning-Backend\Site\settings.py changed, reloading.
Watching for file changes with StatReloader
"POST /profiles_api/v1/token/refresh HTTP/1.1" 200 241
"POST /profiles_api/v1/token/refresh HTTP/1.1" 200 241
"POST /profiles_api/v1/token/refresh HTTP/1.1" 200 241
"POST /profiles_api/v1/token/refresh HTTP/1.1" 200 241
"POST /profiles_api/v1/token/refresh HTTP/1.1" 200 241
"POST /profiles_api/v1/token/refresh HTTP/1.1" 200 241
"POST /profiles_api/v1/token/refresh HTTP/1.1" 200 241
D:\Отчеты, презентации, работы\Курсовая работа РИП\Files_Versioning-Backend\Site\settings.py changed, reloading.
Watching for file changes with StatReloader
"POST /profiles_api/v1/token/refresh HTTP/1.1" 200 241
"POST /profiles_api/v1/token/refresh HTTP/1.1" 200 241
"POST /profiles_api/v1/token/refresh HTTP/1.1" 200 241
"POST /profiles_api/v1/token/refresh HTTP/1.1" 200 241
D:\Отчеты, презентации, работы\Курсовая работа РИП\Files_Versioning-Backend\Site\settings.py changed, reloading.
Watching for file changes with StatReloader
"POST /profiles_api/v1/token/refresh HTTP/1.1" 200 241
"POST /profiles_api/v1/token/refresh HTTP/1.1" 200 241
"POST /profiles_api/v1/token/refresh HTTP/1.1" 200 241
"POST /profiles_api/v1/token/refresh HTTP/1.1" 200 241
"POST /profiles_api/v1/token/refresh HTTP/1.1" 200 241
"POST /profiles_api/v1/token/refresh HTTP/1.1" 200 241
D:\Отчеты, презентации, работы\Курсовая работа РИП\Files_Versioning-Backend\Site\settings.py changed, reloading.
Watching for file changes with StatReloader
Internal Server Error: /profiles_api/v1/token/refresh
"POST /profiles_api/v1/token/refresh HTTP/1.1" 500 43
Internal Server Error: /profiles_api/v1/token/refresh
"POST /profiles_api/v1/token/refresh HTTP/1.1" 500 43
Internal Server Error: /profiles_api/v1/token/refresh
"POST /profiles_api/v1/token/refresh HTTP/1.1" 500 43
Internal Server Error: /profiles_api/v1/token/refresh
"POST /profiles_api/v1/token/refresh HTTP/1.1" 500 43
Internal Server Error: /profiles_api/v1/token/refresh
"POST /profiles_api/v1/token/refresh HTTP/1.1" 500 43
D:\Отчеты, презентации, работы\Курсовая работа РИП\Files_Versioning-Backend\Site\settings.py changed, reloading.
Watching for file changes with StatReloader
"POST /profiles_api/v1/token/refresh HTTP/1.1" 200 241
"POST /profiles_api/v1/token/refresh HTTP/1.1" 200 241
"POST /profiles_api/v1/token/refresh HTTP/1.1" 200 241
"POST /profiles_api/v1/token/refresh HTTP/1.1" 200 241
D:\Отчеты, презентации, работы\Курсовая работа РИП\Files_Versioning-Backend\Site\settings.py changed, reloading.
Watching for file changes with StatReloader
D:\Отчеты, презентации, работы\Курсовая работа РИП\Files_Versioning-Backend\Site\settings.py changed, reloading.
Watching for file changes with StatReloader
"POST /profiles_api/v1/token/refresh HTTP/1.1" 200 241
"POST /profiles_api/v1/token/get HTTP/1.1" 200 483
"POST /profiles_api/v1/token/refresh HTTP/1.1" 200 241
"POST /profiles_api/v1/token/refresh HTTP/1.1" 200 241
"POST /profiles_api/v1/token/refresh HTTP/1.1" 200 241
"POST /profiles_api/v1/token/refresh HTTP/1.1" 200 241
D:\Отчеты, презентации, работы\Курсовая работа РИП\Files_Versioning-Backend\Site\settings.py changed, reloading.
Watching for file changes with StatReloader
"POST /profiles_api/v1/token/refresh HTTP/1.1" 200 241
"POST /profiles_api/v1/token/refresh HTTP/1.1" 200 241
"POST /files_versioning_api/v1/files/add HTTP/1.1" 200 46
"POST /profiles_api/v1/token/refresh HTTP/1.1" 200 241
"POST /files_versioning_api/v1/files/add HTTP/1.1" 200 46
"POST /files_versioning_api/v1/files/add HTTP/1.1" 200 46
"POST /profiles_api/v1/token/refresh HTTP/1.1" 200 241
"POST /files_versioning_api/v1/files/add HTTP/1.1" 200 46
"POST /profiles_api/v1/token/get HTTP/1.1" 200 483
"POST /files_versioning_api/v1/files/add HTTP/1.1" 200 46
"POST /files_versioning_api/v1/files/add HTTP/1.1" 200 46
D:\Отчеты, презентации, работы\Курсовая работа РИП\Files_Versioning-Backend\Site\settings.py changed, reloading.
Watching for file changes with StatReloader
D:\Отчеты, презентации, работы\Курсовая работа РИП\Files_Versioning-Backend\Site\settings.py changed, reloading.
Watching for file changes with StatReloader
"POST /files_versioning_api/v1/files/add HTTP/1.1" 200 46
"POST /profiles_api/v1/token/refresh HTTP/1.1" 200 241
"POST /profiles_api/v1/token/refresh HTTP/1.1" 200 241
"POST /files_versioning_api/v1/files/add HTTP/1.1" 200 46
"POST /files_versioning_api/v1/files/add HTTP/1.1" 200 46
"POST /profiles_api/v1/token/refresh HTTP/1.1" 200 241
"POST /profiles_api/v1/token/get HTTP/1.1" 200 483
"POST /files_versioning_api/v1/files/add HTTP/1.1" 200 46
"POST /profiles_api/v1/token/refresh HTTP/1.1" 200 241
"POST /profiles_api/v1/token/refresh HTTP/1.1" 200 241
Internal Server Error: /profiles_api/v1/signup
Traceback (most recent call last):
  File "D:\Отчеты, презентации, работы\Курсовая работа РИП\Files_Versioning-Backend\venv\Lib\site-packages\django\core\handlers\exception.py", line 56, in inner
    response = get_response(request)
               ^^^^^^^^^^^^^^^^^^^^^
  File "D:\Отчеты, презентации, работы\Курсовая работа РИП\Files_Versioning-Backend\venv\Lib\site-packages\django\core\handlers\base.py", line 197, in _get_response
    response = wrapped_callback(request, *callback_args, **callback_kwargs)
               ^^^^^^^^^^^^^^^^^^^^^^^^^^^^^^^^^^^^^^^^^^^^^^^^^^^^^^^^^^^^
  File "D:\Отчеты, презентации, работы\Курсовая работа РИП\Files_Versioning-Backend\venv\Lib\site-packages\django\views\decorators\csrf.py", line 55, in wrapped_view
    return view_func(*args, **kwargs)
           ^^^^^^^^^^^^^^^^^^^^^^^^^^
  File "D:\Отчеты, презентации, работы\Курсовая работа РИП\Files_Versioning-Backend\venv\Lib\site-packages\django\views\generic\base.py", line 103, in view
    return self.dispatch(request, *args, **kwargs)
           ^^^^^^^^^^^^^^^^^^^^^^^^^^^^^^^^^^^^^^^
  File "D:\Отчеты, презентации, работы\Курсовая работа РИП\Files_Versioning-Backend\venv\Lib\site-packages\rest_framework\views.py", line 509, in dispatch
    response = self.handle_exception(exc)
               ^^^^^^^^^^^^^^^^^^^^^^^^^^
  File "D:\Отчеты, презентации, работы\Курсовая работа РИП\Files_Versioning-Backend\venv\Lib\site-packages\rest_framework\views.py", line 469, in handle_exception
    self.raise_uncaught_exception(exc)
  File "D:\Отчеты, презентации, работы\Курсовая работа РИП\Files_Versioning-Backend\venv\Lib\site-packages\rest_framework\views.py", line 480, in raise_uncaught_exception
    raise exc
  File "D:\Отчеты, презентации, работы\Курсовая работа РИП\Files_Versioning-Backend\venv\Lib\site-packages\rest_framework\views.py", line 506, in dispatch
    response = handler(request, *args, **kwargs)
               ^^^^^^^^^^^^^^^^^^^^^^^^^^^^^^^^^
  File "D:\Отчеты, презентации, работы\Курсовая работа РИП\Files_Versioning-Backend\venv\Lib\site-packages\rest_framework\views.py", line 167, in http_method_not_allowed
    raise exceptions.MethodNotAllowed(request.method)
rest_framework.exceptions.MethodNotAllowed: Method "GET" not allowed.
"GET /profiles_api/v1/signup HTTP/1.1" 500 96436
Bad Request: /profiles_api/v1/signup
"POST /profiles_api/v1/signup HTTP/1.1" 400 48
D:\Отчеты, презентации, работы\Курсовая работа РИП\Files_Versioning-Backend\Site\settings.py changed, reloading.
Watching for file changes with StatReloader
D:\Отчеты, презентации, работы\Курсовая работа РИП\Files_Versioning-Backend\Site\settings.py changed, reloading.
Watching for file changes with StatReloader
D:\Отчеты, презентации, работы\Курсовая работа РИП\Files_Versioning-Backend\Site\settings.py changed, reloading.
Watching for file changes with StatReloader
Bad Request: /profiles_api/v1/signup
"POST /profiles_api/v1/signup HTTP/1.1" 400 48
"POST /profiles_api/v1/token/get HTTP/1.1" 200 483
"POST /profiles_api/v1/token/refresh HTTP/1.1" 200 241
"POST /profiles_api/v1/token/get HTTP/1.1" 200 483
"POST /profiles_api/v1/token/refresh HTTP/1.1" 200 241
D:\Отчеты, презентации, работы\Курсовая работа РИП\Files_Versioning-Backend\Site\settings.py changed, reloading.
Watching for file changes with StatReloader
"POST /profiles_api/v1/token/refresh HTTP/1.1" 200 241
"POST /profiles_api/v1/token/refresh HTTP/1.1" 200 241
"POST /profiles_api/v1/token/get HTTP/1.1" 200 483
"POST /profiles_api/v1/token/refresh HTTP/1.1" 200 241
Unauthorized: /files_versioning_api/v1/files/download
"GET /files_versioning_api/v1/files/download HTTP/1.1" 401 47
Unauthorized: /files_versioning_api/v1/files/download
"GET /files_versioning_api/v1/files/download HTTP/1.1" 401 47
"POST /profiles_api/v1/token/refresh HTTP/1.1" 200 241
"GET /files_versioning_api/v1/files/download HTTP/1.1" 200 4287
"GET /files_versioning_api/v1/files/download HTTP/1.1" 200 4287
"POST /profiles_api/v1/token/refresh HTTP/1.1" 200 241
"GET /files_versioning_api/v1/files/download HTTP/1.1" 200 4287
"GET /files_versioning_api/v1/files/download HTTP/1.1" 200 4287
"POST /profiles_api/v1/token/get HTTP/1.1" 200 483
"GET /files_versioning_api/v1/files/download HTTP/1.1" 200 4287
D:\Отчеты, презентации, работы\Курсовая работа РИП\Files_Versioning-Backend\Site\settings.py changed, reloading.
Watching for file changes with StatReloader
"GET /files_versioning_api/v1/files/download HTTP/1.1" 200 4287
"POST /profiles_api/v1/token/refresh HTTP/1.1" 200 241
"POST /profiles_api/v1/token/get HTTP/1.1" 200 483
"POST /profiles_api/v1/token/refresh HTTP/1.1" 200 241
"POST /profiles_api/v1/token/get HTTP/1.1" 200 483
"POST /profiles_api/v1/token/refresh HTTP/1.1" 200 241
Unauthorized: /files_versioning_api/v1/files/add
"POST /files_versioning_api/v1/files/add HTTP/1.1" 401 47
"POST /files_versioning_api/v1/files/add HTTP/1.1" 200 46
"POST /profiles_api/v1/token/refresh HTTP/1.1" 200 241
"POST /files_versioning_api/v1/files/add HTTP/1.1" 200 46
"POST /files_versioning_api/v1/files/add HTTP/1.1" 200 46
D:\Отчеты, презентации, работы\Курсовая работа РИП\Files_Versioning-Backend\Site\settings.py changed, reloading.
Watching for file changes with StatReloader
D:\Отчеты, презентации, работы\Курсовая работа РИП\Files_Versioning-Backend\Site\settings.py changed, reloading.
Watching for file changes with StatReloader
Internal Server Error: /files_versioning_api/v1/files/add
"POST /files_versioning_api/v1/files/add HTTP/1.1" 500 43
Internal Server Error: /files_versioning_api/v1/files/add
"POST /files_versioning_api/v1/files/add HTTP/1.1" 500 43
Internal Server Error: /files_versioning_api/v1/files/add
"POST /files_versioning_api/v1/files/add HTTP/1.1" 500 43
D:\Отчеты, презентации, работы\Курсовая работа РИП\Files_Versioning-Backend\Site\settings.py changed, reloading.
Watching for file changes with StatReloader
D:\Отчеты, презентации, работы\Курсовая работа РИП\Files_Versioning-Backend\Site\settings.py changed, reloading.
Watching for file changes with StatReloader
D:\Отчеты, презентации, работы\Курсовая работа РИП\Files_Versioning-Backend\Site\settings.py changed, reloading.
Watching for file changes with StatReloader
D:\Отчеты, презентации, работы\Курсовая работа РИП\Files_Versioning-Backend\Site\settings.py changed, reloading.
Watching for file changes with StatReloader
D:\Отчеты, презентации, работы\Курсовая работа РИП\Files_Versioning-Backend\Site\settings.py changed, reloading.
Watching for file changes with StatReloader
D:\Отчеты, презентации, работы\Курсовая работа РИП\Files_Versioning-Backend\Site\settings.py changed, reloading.
Watching for file changes with StatReloader
Unauthorized: /files_versioning_api/v1/files/add
"POST /files_versioning_api/v1/files/add HTTP/1.1" 401 47
"POST /profiles_api/v1/token/refresh HTTP/1.1" 200 241
"POST /profiles_api/v1/token/refresh HTTP/1.1" 200 241
"POST /profiles_api/v1/token/refresh HTTP/1.1" 200 241
"POST /profiles_api/v1/token/refresh HTTP/1.1" 200 241
"POST /files_versioning_api/v1/files/add HTTP/1.1" 200 46
"POST /files_versioning_api/v1/files/add HTTP/1.1" 200 46
"POST /profiles_api/v1/token/refresh HTTP/1.1" 200 241
"POST /files_versioning_api/v1/files/add HTTP/1.1" 200 46
D:\Отчеты, презентации, работы\Курсовая работа РИП\Files_Versioning-Backend\Site\settings.py changed, reloading.
Watching for file changes with StatReloader
"POST /files_versioning_api/v1/files/add HTTP/1.1" 200 46
"POST /profiles_api/v1/token/refresh HTTP/1.1" 200 241
"POST /files_versioning_api/v1/files/add HTTP/1.1" 200 46
"POST /profiles_api/v1/token/get HTTP/1.1" 200 483
"POST /profiles_api/v1/token/refresh HTTP/1.1" 200 241
"POST /profiles_api/v1/token/refresh HTTP/1.1" 200 241
Unauthorized: /files_versioning_api/v1/files/download
"GET /files_versioning_api/v1/files/download HTTP/1.1" 401 47
"POST /files_versioning_api/v1/files/add HTTP/1.1" 200 46
D:\Отчеты, презентации, работы\Курсовая работа РИП\Files_Versioning-Backend\Site\settings.py changed, reloading.
Watching for file changes with StatReloader
D:\Отчеты, презентации, работы\Курсовая работа РИП\Files_Versioning-Backend\Site\settings.py changed, reloading.
Watching for file changes with StatReloader
D:\Отчеты, презентации, работы\Курсовая работа РИП\Files_Versioning-Backend\Site\settings.py changed, reloading.
Watching for file changes with StatReloader
D:\Отчеты, презентации, работы\Курсовая работа РИП\Files_Versioning-Backend\Site\settings.py changed, reloading.
Watching for file changes with StatReloader
"POST /profiles_api/v1/token/refresh HTTP/1.1" 200 483
"POST /profiles_api/v1/token/refresh HTTP/1.1" 200 483
"POST /profiles_api/v1/token/refresh HTTP/1.1" 200 483
"POST /profiles_api/v1/token/refresh HTTP/1.1" 200 483
"POST /profiles_api/v1/token/refresh HTTP/1.1" 200 483
"POST /files_versioning_api/v1/files/add HTTP/1.1" 200 46
"POST /files_versioning_api/v1/files/add HTTP/1.1" 200 46
"POST /profiles_api/v1/token/refresh HTTP/1.1" 200 483
"POST /files_versioning_api/v1/files/add HTTP/1.1" 200 46
"POST /profiles_api/v1/token/refresh HTTP/1.1" 200 483
"POST /files_versioning_api/v1/files/add HTTP/1.1" 200 46
"POST /profiles_api/v1/token/get HTTP/1.1" 200 483
"POST /files_versioning_api/v1/files/add HTTP/1.1" 200 46
D:\Отчеты, презентации, работы\Курсовая работа РИП\Files_Versioning-Backend\Site\settings.py changed, reloading.
Watching for file changes with StatReloader
"POST /files_versioning_api/v1/files/add HTTP/1.1" 200 46
"POST /profiles_api/v1/token/refresh HTTP/1.1" 200 483
"POST /files_versioning_api/v1/files/add HTTP/1.1" 200 46
"POST /profiles_api/v1/token/refresh HTTP/1.1" 200 483
"POST /profiles_api/v1/token/refresh HTTP/1.1" 200 483
D:\Отчеты, презентации, работы\Курсовая работа РИП\Files_Versioning-Backend\Site\settings.py changed, reloading.
Watching for file changes with StatReloader
"POST /profiles_api/v1/token/refresh HTTP/1.1" 200 483
"POST /files_versioning_api/v1/files/add HTTP/1.1" 200 46
D:\Отчеты, презентации, работы\Курсовая работа РИП\Files_Versioning-Backend\Site\settings.py changed, reloading.
Watching for file changes with StatReloader
D:\Отчеты, презентации, работы\Курсовая работа РИП\Files_Versioning-Backend\Site\settings.py changed, reloading.
Watching for file changes with StatReloader
D:\Отчеты, презентации, работы\Курсовая работа РИП\Files_Versioning-Backend\Site\settings.py changed, reloading.
Watching for file changes with StatReloader
Unauthorized: /files_versioning_api/v1/files/add
"POST /files_versioning_api/v1/files/add HTTP/1.1" 401 47
"POST /profiles_api/v1/token/refresh HTTP/1.1" 200 483
"POST /profiles_api/v1/token/refresh HTTP/1.1" 200 483
"GET /files_versioning_api/v1/files/download HTTP/1.1" 200 4287
"POST /profiles_api/v1/token/refresh HTTP/1.1" 200 483
Unauthorized: /files_versioning_api/v1/files/add
"POST /files_versioning_api/v1/files/add HTTP/1.1" 401 47
"POST /profiles_api/v1/token/refresh HTTP/1.1" 200 483
"POST /files_versioning_api/v1/files/add HTTP/1.1" 200 46
"POST /files_versioning_api/v1/files/add HTTP/1.1" 200 46
"POST /profiles_api/v1/token/refresh HTTP/1.1" 200 483
"POST /files_versioning_api/v1/files/add HTTP/1.1" 200 46
"POST /files_versioning_api/v1/files/add HTTP/1.1" 200 46
"POST /profiles_api/v1/token/refresh HTTP/1.1" 200 483
"POST /files_versioning_api/v1/files/add HTTP/1.1" 200 46
"POST /files_versioning_api/v1/files/add HTTP/1.1" 200 46
"POST /profiles_api/v1/token/get HTTP/1.1" 200 483
"POST /files_versioning_api/v1/files/add HTTP/1.1" 200 46
"POST /files_versioning_api/v1/files/add HTTP/1.1" 200 46
D:\Отчеты, презентации, работы\Курсовая работа РИП\Files_Versioning-Backend\Site\settings.py changed, reloading.
Watching for file changes with StatReloader
"POST /files_versioning_api/v1/files/add HTTP/1.1" 200 46
"POST /profiles_api/v1/token/refresh HTTP/1.1" 200 483
"POST /files_versioning_api/v1/files/add HTTP/1.1" 200 46
Watching for file changes with StatReloader
"POST /profiles_api/v1/token/refresh HTTP/1.1" 200 483
"POST /files_versioning_api/v1/files/add HTTP/1.1" 200 46
"GET /files_versioning_api/v1/files/download HTTP/1.1" 200 4287
"POST /profiles_api/v1/token/get HTTP/1.1" 200 483
"GET /files_versioning_api/v1/files/download HTTP/1.1" 200 4287
"POST /profiles_api/v1/logout HTTP/1.1" 200 38
"GET /files_versioning_api/v1/files/download HTTP/1.1" 200 4287
"GET /files_versioning_api/v1/files/download HTTP/1.1" 200 4287
"POST /profiles_api/v1/token/refresh HTTP/1.1" 200 483
"POST /profiles_api/v1/logout HTTP/1.1" 200 38
"POST /profiles_api/v1/token/refresh HTTP/1.1" 200 483
D:\Отчеты, презентации, работы\Курсовая работа РИП\Files_Versioning-Backend\Site\settings.py changed, reloading.
Watching for file changes with StatReloader
"POST /profiles_api/v1/token/get HTTP/1.1" 200 483
"POST /profiles_api/v1/token/refresh HTTP/1.1" 200 483
"GET /files_versioning_api/v1/files/download HTTP/1.1" 200 4287
Unauthorized: /profiles_api/v1/token/refresh
"POST /profiles_api/v1/token/refresh HTTP/1.1" 401 47
"GET /files_versioning_api/v1/files/download HTTP/1.1" 200 4287
"POST /profiles_api/v1/token/get HTTP/1.1" 200 483
"POST /profiles_api/v1/token/refresh HTTP/1.1" 200 483
Unauthorized: /profiles_api/v1/token/refresh
"POST /profiles_api/v1/token/refresh HTTP/1.1" 401 47
"POST /profiles_api/v1/token/get HTTP/1.1" 200 483
"POST /profiles_api/v1/token/refresh HTTP/1.1" 200 483
"POST /files_versioning_api/v1/files/add HTTP/1.1" 200 46
Unauthorized: /profiles_api/v1/token/refresh
"POST /profiles_api/v1/token/refresh HTTP/1.1" 401 47
"POST /profiles_api/v1/token/refresh HTTP/1.1" 200 483
"POST /files_versioning_api/v1/files/add HTTP/1.1" 200 46
"POST /files_versioning_api/v1/files/add HTTP/1.1" 200 46
Not Found: /profiles_api/v1/token/logout
"POST /profiles_api/v1/token/logout HTTP/1.1" 404 3567
Internal Server Error: /profiles_api/v1/logout
"POST /profiles_api/v1/logout HTTP/1.1" 500 43
Unauthorized: /profiles_api/v1/logout
"POST /profiles_api/v1/logout HTTP/1.1" 401 47
Unauthorized: /profiles_api/v1/token/refresh
"POST /profiles_api/v1/token/refresh HTTP/1.1" 401 47
"POST /profiles_api/v1/token/get HTTP/1.1" 200 483
Unauthorized: /profiles_api/v1/token/refresh
"POST /profiles_api/v1/token/refresh HTTP/1.1" 401 47
"POST /profiles_api/v1/token/refresh HTTP/1.1" 200 483
"POST /profiles_api/v1/logout HTTP/1.1" 200 2
"POST /files_versioning_api/v1/files/add HTTP/1.1" 200 46
Unauthorized: /profiles_api/v1/token/refresh
"POST /profiles_api/v1/token/refresh HTTP/1.1" 401 47
Unauthorized: /files_versioning_api/v1/files/download
"GET /files_versioning_api/v1/files/download HTTP/1.1" 401 47
"POST /profiles_api/v1/token/get HTTP/1.1" 200 483
Unauthorized: /files_versioning_api/v1/files/add
"POST /files_versioning_api/v1/files/add HTTP/1.1" 401 47
"POST /files_versioning_api/v1/files/add HTTP/1.1" 200 46
"POST /profiles_api/v1/token/get HTTP/1.1" 200 483
"POST /files_versioning_api/v1/files/add HTTP/1.1" 200 46
Unauthorized: /profiles_api/v1/token/refresh
"POST /profiles_api/v1/token/refresh HTTP/1.1" 401 47
"POST /files_versioning_api/v1/files/add HTTP/1.1" 200 46
Unauthorized: /profiles_api/v1/token/refresh
"POST /profiles_api/v1/token/refresh HTTP/1.1" 401 47
D:\Отчеты, презентации, работы\Курсовая работа РИП\Files_Versioning-Backend\Site\exceptions.py changed, reloading.
Watching for file changes with StatReloader
"POST /profiles_api/v1/token/get HTTP/1.1" 200 483
Internal Server Error: /profiles_api/v1/token/get
"POST /profiles_api/v1/token/get HTTP/1.1" 500 43
"POST /profiles_api/v1/token/get HTTP/1.1" 200 483
Unauthorized: /profiles_api/v1/token/refresh
"POST /profiles_api/v1/token/refresh HTTP/1.1" 401 46
"POST /profiles_api/v1/token/refresh HTTP/1.1" 200 483
D:\Отчеты, презентации, работы\Курсовая работа РИП\Files_Versioning-Backend\Site\settings.py changed, reloading.
Watching for file changes with StatReloader
Unauthorized: /profiles_api/v1/token/refresh
"POST /profiles_api/v1/token/refresh HTTP/1.1" 401 46
"POST /profiles_api/v1/token/get HTTP/1.1" 200 483
Unauthorized: /profiles_api/v1/token/refresh
"POST /profiles_api/v1/token/refresh HTTP/1.1" 401 46
"POST /profiles_api/v1/token/refresh HTTP/1.1" 200 241
"POST /profiles_api/v1/token/refresh HTTP/1.1" 200 241
"POST /profiles_api/v1/token/refresh HTTP/1.1" 200 241
"POST /profiles_api/v1/token/refresh HTTP/1.1" 200 241
"POST /profiles_api/v1/logout HTTP/1.1" 200 2
Unauthorized: /profiles_api/v1/token/refresh
"POST /profiles_api/v1/token/refresh HTTP/1.1" 401 46
"POST /files_versioning_api/v1/files/add HTTP/1.1" 200 46
"POST /profiles_api/v1/token/get HTTP/1.1" 200 483
"POST /profiles_api/v1/token/refresh HTTP/1.1" 200 241
"POST /files_versioning_api/v1/files/add HTTP/1.1" 200 46
"POST /profiles_api/v1/token/refresh HTTP/1.1" 200 241
"POST /files_versioning_api/v1/files/add HTTP/1.1" 200 46
"GET /files_versioning_api/v1/files HTTP/1.1" 200 4332
Not Found: /files_versioning_api/v1/files/delete
"GET /files_versioning_api/v1/files/delete HTTP/1.1" 404 3483
Not Found: /files_versioning_api/v1/files/delete
"POST /files_versioning_api/v1/files/delete HTTP/1.1" 404 3484
Unauthorized: /files_versioning_api/v1/files/delete/file
"POST /files_versioning_api/v1/files/delete/file HTTP/1.1" 401 30
Internal Server Error: /files_versioning_api/v1/files/delete/file
"POST /files_versioning_api/v1/files/delete/file HTTP/1.1" 500 43
D:\Отчеты, презентации, работы\Курсовая работа РИП\Files_Versioning-Backend\FilesVersioning\api_v1\views.py changed, reloading.
Watching for file changes with StatReloader
"POST /files_versioning_api/v1/files/delete/file HTTP/1.1" 200 46
D:\Отчеты, презентации, работы\Курсовая работа РИП\Files_Versioning-Backend\FilesVersioning\api_v1\views.py changed, reloading.
Watching for file changes with StatReloader
"POST /files_versioning_api/v1/files/delete/file HTTP/1.1" 200 48
"POST /files_versioning_api/v1/files/delete/file HTTP/1.1" 200 48
"POST /files_versioning_api/v1/files/delete/file HTTP/1.1" 200 48
"GET /files_versioning_api/v1/files HTTP/1.1" 200 4261
D:\Отчеты, презентации, работы\Курсовая работа РИП\Files_Versioning-Backend\FilesVersioning\api_v1\urls.py changed, reloading.
Watching for file changes with StatReloader
Unauthorized: /files_versioning_api/v1/files/delete/file
"GET /files_versioning_api/v1/files/delete/file HTTP/1.1" 401 46
"POST /profiles_api/v1/token/refresh HTTP/1.1" 200 241
Internal Server Error: /files_versioning_api/v1/files/delete/file
Traceback (most recent call last):
  File "D:\Отчеты, презентации, работы\Курсовая работа РИП\Files_Versioning-Backend\venv\Lib\site-packages\django\core\handlers\exception.py", line 56, in inner
    response = get_response(request)
               ^^^^^^^^^^^^^^^^^^^^^
  File "D:\Отчеты, презентации, работы\Курсовая работа РИП\Files_Versioning-Backend\venv\Lib\site-packages\django\core\handlers\base.py", line 197, in _get_response
    response = wrapped_callback(request, *callback_args, **callback_kwargs)
               ^^^^^^^^^^^^^^^^^^^^^^^^^^^^^^^^^^^^^^^^^^^^^^^^^^^^^^^^^^^^
  File "D:\Отчеты, презентации, работы\Курсовая работа РИП\Files_Versioning-Backend\venv\Lib\site-packages\django\views\decorators\csrf.py", line 55, in wrapped_view
    return view_func(*args, **kwargs)
           ^^^^^^^^^^^^^^^^^^^^^^^^^^
  File "D:\Отчеты, презентации, работы\Курсовая работа РИП\Files_Versioning-Backend\venv\Lib\site-packages\django\views\generic\base.py", line 103, in view
    return self.dispatch(request, *args, **kwargs)
           ^^^^^^^^^^^^^^^^^^^^^^^^^^^^^^^^^^^^^^^
  File "D:\Отчеты, презентации, работы\Курсовая работа РИП\Files_Versioning-Backend\venv\Lib\site-packages\rest_framework\views.py", line 509, in dispatch
    response = self.handle_exception(exc)
               ^^^^^^^^^^^^^^^^^^^^^^^^^^
  File "D:\Отчеты, презентации, работы\Курсовая работа РИП\Files_Versioning-Backend\venv\Lib\site-packages\rest_framework\views.py", line 469, in handle_exception
    self.raise_uncaught_exception(exc)
  File "D:\Отчеты, презентации, работы\Курсовая работа РИП\Files_Versioning-Backend\venv\Lib\site-packages\rest_framework\views.py", line 480, in raise_uncaught_exception
    raise exc
  File "D:\Отчеты, презентации, работы\Курсовая работа РИП\Files_Versioning-Backend\venv\Lib\site-packages\rest_framework\views.py", line 506, in dispatch
    response = handler(request, *args, **kwargs)
               ^^^^^^^^^^^^^^^^^^^^^^^^^^^^^^^^^
  File "D:\Отчеты, презентации, работы\Курсовая работа РИП\Files_Versioning-Backend\venv\Lib\site-packages\rest_framework\views.py", line 167, in http_method_not_allowed
    raise exceptions.MethodNotAllowed(request.method)
rest_framework.exceptions.MethodNotAllowed: Method "GET" not allowed.
"GET /files_versioning_api/v1/files/delete/file HTTP/1.1" 500 96633
"POST /files_versioning_api/v1/files/delete/file HTTP/1.1" 200 40
Unauthorized: /files_versioning_api/v1/files
"GET /files_versioning_api/v1/files HTTP/1.1" 401 46
"GET /files_versioning_api/v1/files HTTP/1.1" 200 11
D:\Отчеты, презентации, работы\Курсовая работа РИП\Files_Versioning-Backend\Site\settings.py changed, reloading.
Watching for file changes with StatReloader
"POST /profiles_api/v1/token/get HTTP/1.1" 200 483
"POST /profiles_api/v1/token/get HTTP/1.1" 200 483
"POST /profiles_api/v1/token/refresh HTTP/1.1" 200 241
"POST /profiles_api/v1/token/get HTTP/1.1" 200 483
"POST /profiles_api/v1/token/refresh HTTP/1.1" 200 241
"POST /profiles_api/v1/token/refresh HTTP/1.1" 200 241
"POST /files_versioning_api/v1/files/add HTTP/1.1" 200 46
"POST /files_versioning_api/v1/files/add HTTP/1.1" 200 46
"POST /files_versioning_api/v1/files/add HTTP/1.1" 200 46
Unauthorized: /profiles_api/v1/logout
"POST /profiles_api/v1/logout HTTP/1.1" 401 46
"POST /profiles_api/v1/token/refresh HTTP/1.1" 200 241
"POST /profiles_api/v1/logout HTTP/1.1" 200 2
"POST /files_versioning_api/v1/files/add HTTP/1.1" 200 46
"POST /files_versioning_api/v1/files/add HTTP/1.1" 200 46
"POST /files_versioning_api/v1/files/add HTTP/1.1" 200 46
Unauthorized: /profiles_api/v1/token/refresh
"POST /profiles_api/v1/token/refresh HTTP/1.1" 401 46
"POST /profiles_api/v1/token/get HTTP/1.1" 200 483
D:\Отчеты, презентации, работы\Курсовая работа РИП\Files_Versioning-Backend\Profiles\api_v1\urls.py changed, reloading.
Watching for file changes with StatReloader
Internal Server Error: /profiles_api/v1/token/verify
Traceback (most recent call last):
  File "D:\Отчеты, презентации, работы\Курсовая работа РИП\Files_Versioning-Backend\venv\Lib\site-packages\django\core\handlers\exception.py", line 56, in inner
    response = get_response(request)
               ^^^^^^^^^^^^^^^^^^^^^
  File "D:\Отчеты, презентации, работы\Курсовая работа РИП\Files_Versioning-Backend\venv\Lib\site-packages\django\core\handlers\base.py", line 197, in _get_response
    response = wrapped_callback(request, *callback_args, **callback_kwargs)
               ^^^^^^^^^^^^^^^^^^^^^^^^^^^^^^^^^^^^^^^^^^^^^^^^^^^^^^^^^^^^
  File "D:\Отчеты, презентации, работы\Курсовая работа РИП\Files_Versioning-Backend\venv\Lib\site-packages\django\views\decorators\csrf.py", line 55, in wrapped_view
    return view_func(*args, **kwargs)
           ^^^^^^^^^^^^^^^^^^^^^^^^^^
  File "D:\Отчеты, презентации, работы\Курсовая работа РИП\Files_Versioning-Backend\venv\Lib\site-packages\django\views\generic\base.py", line 103, in view
    return self.dispatch(request, *args, **kwargs)
           ^^^^^^^^^^^^^^^^^^^^^^^^^^^^^^^^^^^^^^^
  File "D:\Отчеты, презентации, работы\Курсовая работа РИП\Files_Versioning-Backend\venv\Lib\site-packages\rest_framework\views.py", line 509, in dispatch
    response = self.handle_exception(exc)
               ^^^^^^^^^^^^^^^^^^^^^^^^^^
  File "D:\Отчеты, презентации, работы\Курсовая работа РИП\Files_Versioning-Backend\venv\Lib\site-packages\rest_framework\views.py", line 469, in handle_exception
    self.raise_uncaught_exception(exc)
  File "D:\Отчеты, презентации, работы\Курсовая работа РИП\Files_Versioning-Backend\venv\Lib\site-packages\rest_framework\views.py", line 480, in raise_uncaught_exception
    raise exc
  File "D:\Отчеты, презентации, работы\Курсовая работа РИП\Files_Versioning-Backend\venv\Lib\site-packages\rest_framework\views.py", line 506, in dispatch
    response = handler(request, *args, **kwargs)
               ^^^^^^^^^^^^^^^^^^^^^^^^^^^^^^^^^
  File "D:\Отчеты, презентации, работы\Курсовая работа РИП\Files_Versioning-Backend\venv\Lib\site-packages\rest_framework\views.py", line 167, in http_method_not_allowed
    raise exceptions.MethodNotAllowed(request.method)
rest_framework.exceptions.MethodNotAllowed: Method "GET" not allowed.
"GET /profiles_api/v1/token/verify HTTP/1.1" 500 96205
Internal Server Error: /profiles_api/v1/token/verify
"POST /profiles_api/v1/token/verify HTTP/1.1" 500 43
Internal Server Error: /profiles_api/v1/token/verify
"POST /profiles_api/v1/token/verify HTTP/1.1" 500 43
Internal Server Error: /profiles_api/v1/token/verify
"POST /profiles_api/v1/token/verify HTTP/1.1" 500 43
Internal Server Error: /profiles_api/v1/token/verify
"POST /profiles_api/v1/token/verify HTTP/1.1" 500 43
Internal Server Error: /profiles_api/v1/token/verify
"POST /profiles_api/v1/token/verify HTTP/1.1" 500 43
Unauthorized: /profiles_api/v1/token/refresh
"POST /profiles_api/v1/token/refresh HTTP/1.1" 401 46
"POST /profiles_api/v1/token/get HTTP/1.1" 200 483
"POST /profiles_api/v1/token/refresh HTTP/1.1" 200 241
"POST /profiles_api/v1/token/verify HTTP/1.1" 200 2
"POST /profiles_api/v1/token/verify HTTP/1.1" 200 2
Unauthorized: /files_versioning_api/v1/files
"GET /files_versioning_api/v1/files HTTP/1.1" 401 46
"GET /files_versioning_api/v1/files HTTP/1.1" 200 430
D:\Отчеты, презентации, работы\Курсовая работа РИП\Files_Versioning-Backend\FilesVersioning\api_v1\views.py changed, reloading.
Watching for file changes with StatReloader
D:\Отчеты, презентации, работы\Курсовая работа РИП\Files_Versioning-Backend\FilesVersioning\api_v1\views.py changed, reloading.
Watching for file changes with StatReloader
D:\Отчеты, презентации, работы\Курсовая работа РИП\Files_Versioning-Backend\FilesVersioning\api_v1\views.py changed, reloading.
Watching for file changes with StatReloader
D:\Отчеты, презентации, работы\Курсовая работа РИП\Files_Versioning-Backend\FilesVersioning\api_v1\views.py changed, reloading.
Watching for file changes with StatReloader
D:\Отчеты, презентации, работы\Курсовая работа РИП\Files_Versioning-Backend\FilesVersioning\api_v1\views.py changed, reloading.
Watching for file changes with StatReloader
D:\Отчеты, презентации, работы\Курсовая работа РИП\Files_Versioning-Backend\FilesVersioning\api_v1\views.py changed, reloading.
Watching for file changes with StatReloader
D:\Отчеты, презентации, работы\Курсовая работа РИП\Files_Versioning-Backend\FilesVersioning\api_v1\views.py changed, reloading.
Watching for file changes with StatReloader
Unauthorized: /files_versioning_api/v1/files
"GET /files_versioning_api/v1/files HTTP/1.1" 401 46
"POST /profiles_api/v1/token/refresh HTTP/1.1" 200 241
Internal Server Error: /files_versioning_api/v1/files
"GET /files_versioning_api/v1/files HTTP/1.1" 500 43
D:\Отчеты, презентации, работы\Курсовая работа РИП\Files_Versioning-Backend\FilesVersioning\api_v1\views.py changed, reloading.
Watching for file changes with StatReloader
D:\Отчеты, презентации, работы\Курсовая работа РИП\Files_Versioning-Backend\FilesVersioning\api_v1\views.py changed, reloading.
Watching for file changes with StatReloader
Internal Server Error: /files_versioning_api/v1/files
"GET /files_versioning_api/v1/files HTTP/1.1" 500 43
Internal Server Error: /files_versioning_api/v1/files
"GET /files_versioning_api/v1/files HTTP/1.1" 500 43
D:\Отчеты, презентации, работы\Курсовая работа РИП\Files_Versioning-Backend\FilesVersioning\api_v1\views.py changed, reloading.
Watching for file changes with StatReloader
D:\Отчеты, презентации, работы\Курсовая работа РИП\Files_Versioning-Backend\Profiles\api_v1\views.py changed, reloading.
Watching for file changes with StatReloader
Internal Server Error: /files_versioning_api/v1/files
"GET /files_versioning_api/v1/files HTTP/1.1" 500 43
Internal Server Error: /files_versioning_api/v1/files
"GET /files_versioning_api/v1/files HTTP/1.1" 500 43
D:\Отчеты, презентации, работы\Курсовая работа РИП\Files_Versioning-Backend\FilesVersioning\api_v1\views.py changed, reloading.
Watching for file changes with StatReloader
Internal Server Error: /files_versioning_api/v1/files
"GET /files_versioning_api/v1/files HTTP/1.1" 500 43
D:\Отчеты, презентации, работы\Курсовая работа РИП\Files_Versioning-Backend\FilesVersioning\api_v1\views.py changed, reloading.
Watching for file changes with StatReloader
"GET /files_versioning_api/v1/files HTTP/1.1" 200 206
"GET /files_versioning_api/v1/files HTTP/1.1" 200 206
"GET /files_versioning_api/v1/files HTTP/1.1" 200 206
"POST /files_versioning_api/v1/files/add HTTP/1.1" 200 46
"POST /files_versioning_api/v1/files/add HTTP/1.1" 200 46
"POST /files_versioning_api/v1/files/add HTTP/1.1" 200 46
"POST /files_versioning_api/v1/files/add HTTP/1.1" 200 46
"POST /files_versioning_api/v1/files/add HTTP/1.1" 200 46
"POST /files_versioning_api/v1/files/add HTTP/1.1" 200 46
"POST /files_versioning_api/v1/files/add HTTP/1.1" 200 46
"POST /files_versioning_api/v1/files/add HTTP/1.1" 200 46
"POST /files_versioning_api/v1/files/add HTTP/1.1" 200 46
"POST /files_versioning_api/v1/files/add HTTP/1.1" 200 46
"POST /files_versioning_api/v1/files/add HTTP/1.1" 200 46
"POST /files_versioning_api/v1/files/add HTTP/1.1" 200 46
"POST /files_versioning_api/v1/files/add HTTP/1.1" 200 46
"POST /files_versioning_api/v1/files/add HTTP/1.1" 200 46
"POST /files_versioning_api/v1/files/add HTTP/1.1" 200 46
"POST /files_versioning_api/v1/files/add HTTP/1.1" 200 46
"POST /files_versioning_api/v1/files/add HTTP/1.1" 200 46
"POST /files_versioning_api/v1/files/add HTTP/1.1" 200 46
"POST /files_versioning_api/v1/files/add HTTP/1.1" 200 46
"POST /files_versioning_api/v1/files/add HTTP/1.1" 200 46
"POST /files_versioning_api/v1/files/add HTTP/1.1" 200 46
"POST /files_versioning_api/v1/files/add HTTP/1.1" 200 46
"POST /files_versioning_api/v1/files/add HTTP/1.1" 200 46
Unauthorized: /files_versioning_api/v1/files/add
"POST /files_versioning_api/v1/files/add HTTP/1.1" 401 46
Unauthorized: /files_versioning_api/v1/files/add
"POST /files_versioning_api/v1/files/add HTTP/1.1" 401 46
Unauthorized: /files_versioning_api/v1/files/add
"POST /files_versioning_api/v1/files/add HTTP/1.1" 401 46
Unauthorized: /files_versioning_api/v1/files/add
"POST /files_versioning_api/v1/files/add HTTP/1.1" 401 46
"POST /profiles_api/v1/token/refresh HTTP/1.1" 200 241
"POST /files_versioning_api/v1/files/add HTTP/1.1" 200 46
"POST /files_versioning_api/v1/files/add HTTP/1.1" 200 46
"POST /files_versioning_api/v1/files/add HTTP/1.1" 200 46
"POST /files_versioning_api/v1/files/add HTTP/1.1" 200 46
"POST /files_versioning_api/v1/files/add HTTP/1.1" 200 46
"POST /files_versioning_api/v1/files/add HTTP/1.1" 200 46
"POST /files_versioning_api/v1/files/add HTTP/1.1" 200 46
"POST /files_versioning_api/v1/files/add HTTP/1.1" 200 46
"POST /files_versioning_api/v1/files/add HTTP/1.1" 200 46
"POST /files_versioning_api/v1/files/add HTTP/1.1" 200 46
"POST /files_versioning_api/v1/files/add HTTP/1.1" 200 46
"POST /files_versioning_api/v1/files/add HTTP/1.1" 200 46
Unauthorized: /files_versioning_api/v1/files
"GET /files_versioning_api/v1/files HTTP/1.1" 401 46
"GET /files_versioning_api/v1/files HTTP/1.1" 200 959
"GET /files_versioning_api/v1/files HTTP/1.1" 200 959
"GET /files_versioning_api/v1/files HTTP/1.1" 200 959
"GET /files_versioning_api/v1/files HTTP/1.1" 200 959
D:\Отчеты, презентации, работы\Курсовая работа РИП\Files_Versioning-Backend\FilesVersioning\api_v1\views.py changed, reloading.
Watching for file changes with StatReloader
"GET /files_versioning_api/v1/files HTTP/1.1" 200 959
"GET /files_versioning_api/v1/files HTTP/1.1" 200 959
Unauthorized: /files_versioning_api/v1/files
"GET /files_versioning_api/v1/files HTTP/1.1" 401 46
"POST /profiles_api/v1/token/refresh HTTP/1.1" 200 241
"GET /files_versioning_api/v1/files HTTP/1.1" 200 959
D:\Отчеты, презентации, работы\Курсовая работа РИП\Files_Versioning-Backend\FilesVersioning\api_v1\views.py changed, reloading.
Watching for file changes with StatReloader
D:\Отчеты, презентации, работы\Курсовая работа РИП\Files_Versioning-Backend\FilesVersioning\api_v1\views.py changed, reloading.
Watching for file changes with StatReloader
"GET /files_versioning_api/v1/files HTTP/1.1" 200 959
"GET /files_versioning_api/v1/files HTTP/1.1" 200 959
"GET /files_versioning_api/v1/files HTTP/1.1" 200 959
"GET /files_versioning_api/v1/files HTTP/1.1" 200 959
D:\Отчеты, презентации, работы\Курсовая работа РИП\Files_Versioning-Backend\FilesVersioning\api_v1\views.py changed, reloading.
Watching for file changes with StatReloader
"GET /files_versioning_api/v1/files HTTP/1.1" 200 959
"GET /files_versioning_api/v1/files HTTP/1.1" 200 959
"GET /files_versioning_api/v1/files HTTP/1.1" 200 959
Watching for file changes with StatReloader
Watching for file changes with StatReloader
